# JRE version: OpenJDK Runtime Environment Temurin-21.0.6+7 (21.0.6+7) (build 21.0.6+7-LTS)
# Java VM: OpenJDK 64-Bit Server VM Temurin-21.0.6+7 (21.0.6+7-LTS, mixed mode, sharing, tiered, compressed oops, compressed class ptrs, parallel gc, linux-amd64)
GC Precious Log:
 CardTable entry size: 512
 CPUs: 4 total, 4 available
 Memory: 32096M
 Large Page Support: Disabled
 NUMA Support: Disabled
 Compressed Oops: Enabled (32-bit)
 Alignments: Space 512K, Generation 512K, Heap 2M
 Heap Min Capacity: 100M
 Heap Initial Capacity: 100M
 Heap Max Capacity: 1G
 Pre-touch: Disabled
 Parallel Workers: 4
Heap:
 PSYoungGen      total 19456K, used 13388K [0x00000000eab00000, 0x00000000ec180000, 0x0000000100000000)
  eden space 18944K, 69% used [0x00000000eab00000,0x00000000eb7d3358,0x00000000ebd80000)
  from space 512K, 50% used [0x00000000ec100000,0x00000000ec140020,0x00000000ec180000)
  to   space 512K, 0% used [0x00000000ec080000,0x00000000ec080000,0x00000000ec100000)
 ParOldGen       total 485376K, used 287087K [0x00000000c0000000, 0x00000000dda00000, 0x00000000eab00000)
  object space 485376K, 59% used [0x00000000c0000000,0x00000000d185bed0,0x00000000dda00000)
 Metaspace       used 82168K, committed 84032K, reserved 1179648K
  class space    used 8088K, committed 8896K, reserved 1048576K
GC Heap History (20 events):
Event: 332.184 GC heap before
{Heap before GC invocations=177 (full 4):
 PSYoungGen      total 22528K, used 22508K [0x00000000eab00000, 0x00000000ec780000, 0x0000000100000000)
  eden space 21504K, 99% used [0x00000000eab00000,0x00000000ebfffe08,0x00000000ec000000)
  from space 1024K, 98% used [0x00000000ec380000,0x00000000ec47b308,0x00000000ec480000)
  to   space 3584K, 0% used [0x00000000ec000000,0x00000000ec000000,0x00000000ec380000)
 ParOldGen       total 485376K, used 281766K [0x00000000c0000000, 0x00000000dda00000, 0x00000000eab00000)
  object space 485376K, 58% used [0x00000000c0000000,0x00000000d1329a08,0x00000000dda00000)
 Metaspace       used 80567K, committed 82240K, reserved 1179648K
  class space    used 7959K, committed 8704K, reserved 1048576K
}
Event: 332.202 GC heap after
{Heap after GC invocations=177 (full 4):
 PSYoungGen      total 22528K, used 960K [0x00000000eab00000, 0x00000000ec400000, 0x0000000100000000)
  eden space 21504K, 0% used [0x00000000eab00000,0x00000000eab00000,0x00000000ec000000)
  from space 1024K, 93% used [0x00000000ec000000,0x00000000ec0f0330,0x00000000ec100000)
  to   space 2048K, 0% used [0x00000000ec200000,0x00000000ec200000,0x00000000ec400000)
 ParOldGen       total 485376K, used 282015K [0x00000000c0000000, 0x00000000dda00000, 0x00000000eab00000)
  object space 485376K, 58% used [0x00000000c0000000,0x00000000d1367d38,0x00000000dda00000)
 Metaspace       used 80567K, committed 82240K, reserved 1179648K
  class space    used 7959K, committed 8704K, reserved 1048576K
}
Event: 481.290 GC heap before
{Heap before GC invocations=178 (full 4):
 PSYoungGen      total 22528K, used 22464K [0x00000000eab00000, 0x00000000ec400000, 0x0000000100000000)
  eden space 21504K, 99% used [0x00000000eab00000,0x00000000ebffffd8,0x00000000ec000000)
  from space 1024K, 93% used [0x00000000ec000000,0x00000000ec0f0330,0x00000000ec100000)
  to   space 2048K, 0% used [0x00000000ec200000,0x00000000ec200000,0x00000000ec400000)
 ParOldGen       total 485376K, used 282015K [0x00000000c0000000, 0x00000000dda00000, 0x00000000eab00000)
  object space 485376K, 58% used [0x00000000c0000000,0x00000000d1367d38,0x00000000dda00000)
 Metaspace       used 80590K, committed 82240K, reserved 1179648K
  class space    used 7960K, committed 8704K, reserved 1048576K
}
Event: 481.322 GC heap after
{Heap after GC invocations=178 (full 4):
 PSYoungGen      total 22016K, used 400K [0x00000000eab00000, 0x00000000ec280000, 0x0000000100000000)
  eden space 21504K, 0% used [0x00000000eab00000,0x00000000eab00000,0x00000000ec000000)
  from space 512K, 78% used [0x00000000ec200000,0x00000000ec264380,0x00000000ec280000)
  to   space 1024K, 0% used [0x00000000ec080000,0x00000000ec080000,0x00000000ec180000)
 ParOldGen       total 485376K, used 282886K [0x00000000c0000000, 0x00000000dda00000, 0x00000000eab00000)
  object space 485376K, 58% used [0x00000000c0000000,0x00000000d1441870,0x00000000dda00000)
 Metaspace       used 80590K, committed 82240K, reserved 1179648K
  class space    used 7960K, committed 8704K, reserved 1048576K
}
Event: 481.611 GC heap before
{Heap before GC invocations=179 (full 4):
 PSYoungGen      total 22016K, used 21904K [0x00000000eab00000, 0x00000000ec280000, 0x0000000100000000)
  eden space 21504K, 100% used [0x00000000eab00000,0x00000000ec000000,0x00000000ec000000)
  from space 512K, 78% used [0x00000000ec200000,0x00000000ec264380,0x00000000ec280000)
  to   space 1024K, 0% used [0x00000000ec080000,0x00000000ec080000,0x00000000ec180000)
 ParOldGen       total 485376K, used 282886K [0x00000000c0000000, 0x00000000dda00000, 0x00000000eab00000)
  object space 485376K, 58% used [0x00000000c0000000,0x00000000d1441870,0x00000000dda00000)
 Metaspace       used 80618K, committed 82240K, reserved 1179648K
  class space    used 7961K, committed 8704K, reserved 1048576K
}
Event: 481.713 GC heap after
{Heap after GC invocations=179 (full 4):
 PSYoungGen      total 22528K, used 993K [0x00000000eab00000, 0x00000000ec500000, 0x0000000100000000)
  eden space 21504K, 0% used [0x00000000eab00000,0x00000000eab00000,0x00000000ec000000)
  from space 1024K, 97% used [0x00000000ec080000,0x00000000ec178660,0x00000000ec180000)
  to   space 2560K, 0% used [0x00000000ec280000,0x00000000ec280000,0x00000000ec500000)
 ParOldGen       total 485376K, used 284114K [0x00000000c0000000, 0x00000000dda00000, 0x00000000eab00000)
  object space 485376K, 58% used [0x00000000c0000000,0x00000000d1574970,0x00000000dda00000)
 Metaspace       used 80618K, committed 82240K, reserved 1179648K
  class space    used 7961K, committed 8704K, reserved 1048576K
}
Event: 481.998 GC heap before
{Heap before GC invocations=180 (full 4):
 PSYoungGen      total 22528K, used 22497K [0x00000000eab00000, 0x00000000ec500000, 0x0000000100000000)
  eden space 21504K, 100% used [0x00000000eab00000,0x00000000ec000000,0x00000000ec000000)
  from space 1024K, 97% used [0x00000000ec080000,0x00000000ec178660,0x00000000ec180000)
  to   space 2560K, 0% used [0x00000000ec280000,0x00000000ec280000,0x00000000ec500000)
 ParOldGen       total 485376K, used 284114K [0x00000000c0000000, 0x00000000dda00000, 0x00000000eab00000)
  object space 485376K, 58% used [0x00000000c0000000,0x00000000d1574970,0x00000000dda00000)
 Metaspace       used 80618K, committed 82240K, reserved 1179648K
  class space    used 7961K, committed 8704K, reserved 1048576K
}
Event: 482.025 GC heap after
{Heap after GC invocations=180 (full 4):
 PSYoungGen      total 21504K, used 2534K [0x00000000eab00000, 0x00000000eca00000, 0x0000000100000000)
  eden space 18944K, 0% used [0x00000000eab00000,0x00000000eab00000,0x00000000ebd80000)
  from space 2560K, 99% used [0x00000000ec280000,0x00000000ec4f99c0,0x00000000ec500000)
  to   space 5120K, 0% used [0x00000000ebd80000,0x00000000ebd80000,0x00000000ec280000)
 ParOldGen       total 485376K, used 286209K [0x00000000c0000000, 0x00000000dda00000, 0x00000000eab00000)
  object space 485376K, 58% used [0x00000000c0000000,0x00000000d17804c0,0x00000000dda00000)
 Metaspace       used 80618K, committed 82240K, reserved 1179648K
  class space    used 7961K, committed 8704K, reserved 1048576K
}
Event: 482.289 GC heap before
{Heap before GC invocations=181 (full 4):
 PSYoungGen      total 21504K, used 21478K [0x00000000eab00000, 0x00000000eca00000, 0x0000000100000000)
  eden space 18944K, 100% used [0x00000000eab00000,0x00000000ebd80000,0x00000000ebd80000)
  from space 2560K, 99% used [0x00000000ec280000,0x00000000ec4f99c0,0x00000000ec500000)
  to   space 5120K, 0% used [0x00000000ebd80000,0x00000000ebd80000,0x00000000ec280000)
 ParOldGen       total 485376K, used 286209K [0x00000000c0000000, 0x00000000dda00000, 0x00000000eab00000)
  object space 485376K, 58% used [0x00000000c0000000,0x00000000d17804c0,0x00000000dda00000)
 Metaspace       used 80621K, committed 82304K, reserved 1179648K
  class space    used 7961K, committed 8704K, reserved 1048576K
}
Event: 482.301 GC heap after
{Heap after GC invocations=181 (full 4):
 PSYoungGen      total 19968K, used 545K [0x00000000eab00000, 0x00000000ec300000, 0x0000000100000000)
  eden space 18944K, 0% used [0x00000000eab00000,0x00000000eab00000,0x00000000ebd80000)
  from space 1024K, 53% used [0x00000000ebd80000,0x00000000ebe08660,0x00000000ebe80000)
  to   space 2048K, 0% used [0x00000000ec100000,0x00000000ec100000,0x00000000ec300000)
 ParOldGen       total 485376K, used 286322K [0x00000000c0000000, 0x00000000dda00000, 0x00000000eab00000)
  object space 485376K, 58% used [0x00000000c0000000,0x00000000d179cb70,0x00000000dda00000)
 Metaspace       used 80621K, committed 82304K, reserved 1179648K
  class space    used 7961K, committed 8704K, reserved 1048576K
}
Event: 482.598 GC heap before
{Heap before GC invocations=182 (full 4):
 PSYoungGen      total 19968K, used 19489K [0x00000000eab00000, 0x00000000ec300000, 0x0000000100000000)
  eden space 18944K, 100% used [0x00000000eab00000,0x00000000ebd80000,0x00000000ebd80000)
  from space 1024K, 53% used [0x00000000ebd80000,0x00000000ebe08660,0x00000000ebe80000)
  to   space 2048K, 0% used [0x00000000ec100000,0x00000000ec100000,0x00000000ec300000)
 ParOldGen       total 485376K, used 286322K [0x00000000c0000000, 0x00000000dda00000, 0x00000000eab00000)
  object space 485376K, 58% used [0x00000000c0000000,0x00000000d179cb70,0x00000000dda00000)
 Metaspace       used 80631K, committed 82304K, reserved 1179648K
  class space    used 7961K, committed 8704K, reserved 1048576K
}
Event: 482.605 GC heap after
{Heap after GC invocations=182 (full 4):
 PSYoungGen      total 19456K, used 96K [0x00000000eab00000, 0x00000000ec180000, 0x0000000100000000)
  eden space 18944K, 0% used [0x00000000eab00000,0x00000000eab00000,0x00000000ebd80000)
  from space 512K, 18% used [0x00000000ec100000,0x00000000ec118000,0x00000000ec180000)
  to   space 1024K, 0% used [0x00000000ebf80000,0x00000000ebf80000,0x00000000ec080000)
 ParOldGen       total 485376K, used 286715K [0x00000000c0000000, 0x00000000dda00000, 0x00000000eab00000)
  object space 485376K, 59% used [0x00000000c0000000,0x00000000d17feea0,0x00000000dda00000)
 Metaspace       used 80631K, committed 82304K, reserved 1179648K
  class space    used 7961K, committed 8704K, reserved 1048576K
}
Event: 717.931 GC heap before
{Heap before GC invocations=183 (full 4):
 PSYoungGen      total 19456K, used 19023K [0x00000000eab00000, 0x00000000ec180000, 0x0000000100000000)
  eden space 18944K, 99% used [0x00000000eab00000,0x00000000ebd7bdf8,0x00000000ebd80000)
  from space 512K, 18% used [0x00000000ec100000,0x00000000ec118000,0x00000000ec180000)
  to   space 1024K, 0% used [0x00000000ebf80000,0x00000000ebf80000,0x00000000ec080000)
 ParOldGen       total 485376K, used 286715K [0x00000000c0000000, 0x00000000dda00000, 0x00000000eab00000)
  object space 485376K, 59% used [0x00000000c0000000,0x00000000d17feea0,0x00000000dda00000)
 Metaspace       used 80889K, committed 82496K, reserved 1179648K
  class space    used 7983K, committed 8704K, reserved 1048576K
}
Event: 717.995 GC heap after
{Heap after GC invocations=183 (full 4):
 PSYoungGen      total 19968K, used 256K [0x00000000eab00000, 0x00000000ec180000, 0x0000000100000000)
  eden space 18944K, 0% used [0x00000000eab00000,0x00000000eab00000,0x00000000ebd80000)
  from space 1024K, 25% used [0x00000000ebf80000,0x00000000ebfc0020,0x00000000ec080000)
  to   space 512K, 0% used [0x00000000ec100000,0x00000000ec100000,0x00000000ec180000)
 ParOldGen       total 485376K, used 286747K [0x00000000c0000000, 0x00000000dda00000, 0x00000000eab00000)
  object space 485376K, 59% used [0x00000000c0000000,0x00000000d1806ea0,0x00000000dda00000)
 Metaspace       used 80889K, committed 82496K, reserved 1179648K
  class space    used 7983K, committed 8704K, reserved 1048576K
}
Event: 837.055 GC heap before
{Heap before GC invocations=184 (full 4):
 PSYoungGen      total 19968K, used 19200K [0x00000000eab00000, 0x00000000ec180000, 0x0000000100000000)
  eden space 18944K, 100% used [0x00000000eab00000,0x00000000ebd80000,0x00000000ebd80000)
  from space 1024K, 25% used [0x00000000ebf80000,0x00000000ebfc0020,0x00000000ec080000)
  to   space 512K, 0% used [0x00000000ec100000,0x00000000ec100000,0x00000000ec180000)
 ParOldGen       total 485376K, used 286747K [0x00000000c0000000, 0x00000000dda00000, 0x00000000eab00000)
  object space 485376K, 59% used [0x00000000c0000000,0x00000000d1806ea0,0x00000000dda00000)
 Metaspace       used 81322K, committed 83008K, reserved 1179648K
  class space    used 8030K, committed 8768K, reserved 1048576K
}
Event: 837.067 GC heap after
{Heap after GC invocations=184 (full 4):
 PSYoungGen      total 19456K, used 368K [0x00000000eab00000, 0x00000000ec180000, 0x0000000100000000)
  eden space 18944K, 0% used [0x00000000eab00000,0x00000000eab00000,0x00000000ebd80000)
  from space 512K, 71% used [0x00000000ec100000,0x00000000ec15c050,0x00000000ec180000)
  to   space 512K, 0% used [0x00000000ec080000,0x00000000ec080000,0x00000000ec100000)
 ParOldGen       total 485376K, used 286819K [0x00000000c0000000, 0x00000000dda00000, 0x00000000eab00000)
  object space 485376K, 59% used [0x00000000c0000000,0x00000000d1818ea0,0x00000000dda00000)
 Metaspace       used 81322K, committed 83008K, reserved 1179648K
  class space    used 8030K, committed 8768K, reserved 1048576K
}
Event: 1269.891 GC heap before
{Heap before GC invocations=185 (full 4):
 PSYoungGen      total 19456K, used 19312K [0x00000000eab00000, 0x00000000ec180000, 0x0000000100000000)
  eden space 18944K, 100% used [0x00000000eab00000,0x00000000ebd80000,0x00000000ebd80000)
  from space 512K, 71% used [0x00000000ec100000,0x00000000ec15c050,0x00000000ec180000)
  to   space 512K, 0% used [0x00000000ec080000,0x00000000ec080000,0x00000000ec100000)
 ParOldGen       total 485376K, used 286819K [0x00000000c0000000, 0x00000000dda00000, 0x00000000eab00000)
  object space 485376K, 59% used [0x00000000c0000000,0x00000000d1818ea0,0x00000000dda00000)
 Metaspace       used 81492K, committed 83136K, reserved 1179648K
  class space    used 8032K, committed 8768K, reserved 1048576K
}
Event: 1269.918 GC heap after
{Heap after GC invocations=185 (full 4):
 PSYoungGen      total 19456K, used 240K [0x00000000eab00000, 0x00000000ec180000, 0x0000000100000000)
  eden space 18944K, 0% used [0x00000000eab00000,0x00000000eab00000,0x00000000ebd80000)
  from space 512K, 46% used [0x00000000ec080000,0x00000000ec0bc030,0x00000000ec100000)
  to   space 512K, 0% used [0x00000000ec100000,0x00000000ec100000,0x00000000ec180000)
 ParOldGen       total 485376K, used 287015K [0x00000000c0000000, 0x00000000dda00000, 0x00000000eab00000)
  object space 485376K, 59% used [0x00000000c0000000,0x00000000d1849ed0,0x00000000dda00000)
 Metaspace       used 81492K, committed 83136K, reserved 1179648K
  class space    used 8032K, committed 8768K, reserved 1048576K
}
Event: 2105.408 GC heap before
{Heap before GC invocations=186 (full 4):
 PSYoungGen      total 19456K, used 19184K [0x00000000eab00000, 0x00000000ec180000, 0x0000000100000000)
  eden space 18944K, 100% used [0x00000000eab00000,0x00000000ebd80000,0x00000000ebd80000)
  from space 512K, 46% used [0x00000000ec080000,0x00000000ec0bc030,0x00000000ec100000)
  to   space 512K, 0% used [0x00000000ec100000,0x00000000ec100000,0x00000000ec180000)
 ParOldGen       total 485376K, used 287015K [0x00000000c0000000, 0x00000000dda00000, 0x00000000eab00000)
  object space 485376K, 59% used [0x00000000c0000000,0x00000000d1849ed0,0x00000000dda00000)
 Metaspace       used 81628K, committed 83328K, reserved 1179648K
  class space    used 8036K, committed 8768K, reserved 1048576K
}
Event: 2105.430 GC heap after
{Heap after GC invocations=186 (full 4):
 PSYoungGen      total 19456K, used 256K [0x00000000eab00000, 0x00000000ec180000, 0x0000000100000000)
  eden space 18944K, 0% used [0x00000000eab00000,0x00000000eab00000,0x00000000ebd80000)
  from space 512K, 50% used [0x00000000ec100000,0x00000000ec140020,0x00000000ec180000)
  to   space 512K, 0% used [0x00000000ec080000,0x00000000ec080000,0x00000000ec100000)
 ParOldGen       total 485376K, used 287087K [0x00000000c0000000, 0x00000000dda00000, 0x00000000eab00000)
  object space 485376K, 59% used [0x00000000c0000000,0x00000000d185bed0,0x00000000dda00000)
 Metaspace       used 81628K, committed 83328K, reserved 1179648K
  class space    used 8036K, committed 8768K, reserved 1048576K
}

